[debug] ----------------------------------------------------------------------
[debug] Command:      /Users/jonlazarini/.nvm/v6.11.1/bin/node /Users/jonlazarini/Documents/01-Development/firebase/poll-app/node_modules/.bin/firebase deploy
[debug] CLI Version:  3.6.1
[debug] Platform:     darwin
[debug] Node Version: v6.11.1
[debug] Time:         Fri Sep 15 2017 14:02:03 GMT+0100 (BST)
[debug] ----------------------------------------------------------------------
[debug] 
[debug] > command requires scopes: ["email","openid","https://www.googleapis.com/auth/cloudplatformprojects.readonly","https://www.googleapis.com/auth/firebase","https://www.googleapis.com/auth/cloud-platform"]
[debug] > refreshing access token with scopes: ["email","https://www.googleapis.com/auth/cloud-platform","https://www.googleapis.com/auth/cloudplatformprojects.readonly","https://www.googleapis.com/auth/firebase","openid"]
[debug] >>> HTTP REQUEST POST https://www.googleapis.com/oauth2/v3/token { refresh_token: '1/M2lxREWTEORzEo1cRYVTxuIwxyBP4Qby_lrza1vFCyQ',
  client_id: '563584335869-fgrhgmd47bqnekij5i8b5pr03ho849e6.apps.googleusercontent.com',
  client_secret: 'j9iVZfS8kkCEFUPaAeJV0sAi',
  grant_type: 'refresh_token',
  scope: 'email https://www.googleapis.com/auth/cloud-platform https://www.googleapis.com/auth/cloudplatformprojects.readonly https://www.googleapis.com/auth/firebase openid' } 
 Fri Sep 15 2017 14:02:03 GMT+0100 (BST)
[debug] <<< HTTP RESPONSE 200
[debug] >>> HTTP REQUEST GET https://admin.firebase.com/v1/projects/poll-app-67a23  
 Fri Sep 15 2017 14:02:03 GMT+0100 (BST)
[debug] <<< HTTP RESPONSE 200
[debug] >>> HTTP REQUEST GET https://admin.firebase.com/v1/database/poll-app-67a23/tokens  
 Fri Sep 15 2017 14:02:03 GMT+0100 (BST)
[debug] <<< HTTP RESPONSE 200
[info] 
[info] === Deploying to 'poll-app-67a23'...
[info] 
[info] i  deploying database, functions, hosting
[info] ✔  database: rules ready to deploy.
[debug] > [functions] package.json contents: {
  "name": "functions",
  "description": "Cloud Functions for Firebase",
  "dependencies": {
    "firebase-admin": "~4.1.2",
    "firebase-functions": "^0.5"
  },
  "private": true
}
[info] i  functions: ensuring necessary APIs are enabled...
[info] i  runtimeconfig: ensuring necessary APIs are enabled...
[debug] >>> HTTP REQUEST GET https://servicemanagement.googleapis.com/v1/services/cloudfunctions.googleapis.com/projectSettings/poll-app-67a23?view=CONSUMER_VIEW  
 Fri Sep 15 2017 14:02:05 GMT+0100 (BST)
[debug] >>> HTTP REQUEST GET https://servicemanagement.googleapis.com/v1/services/runtimeconfig.googleapis.com/projectSettings/poll-app-67a23?view=CONSUMER_VIEW  
 Fri Sep 15 2017 14:02:05 GMT+0100 (BST)
[debug] <<< HTTP RESPONSE 200
[info] ✔  runtimeconfig: all necessary APIs are enabled
[debug] <<< HTTP RESPONSE 200
[info] ✔  functions: all necessary APIs are enabled
[debug] >>> HTTP REQUEST GET https://appengine.googleapis.com/v1/apps/poll-app-67a23  
 Fri Sep 15 2017 14:02:06 GMT+0100 (BST)
[debug] >>> HTTP REQUEST GET https://apikeys.googleapis.com/v1/projects/poll-app-67a23/apiKeys  
 Fri Sep 15 2017 14:02:06 GMT+0100 (BST)
[debug] <<< HTTP RESPONSE 200
[debug] <<< HTTP RESPONSE 200
